Copyright 1986-2020 Xilinx, Inc. All Rights Reserved.
---------------------------------------------------------------------------------------------------------------
| Tool Version : Vivado v.2020.1 (win64) Build 2902540 Wed May 27 19:54:49 MDT 2020
| Date         : Mon Sep 22 20:11:38 2025
| Host         : Touan-Richi-Zbook-G11 running 64-bit major release  (build 9200)
| Command      : report_drc -file RISC_Top_drc_opted.rpt -pb RISC_Top_drc_opted.pb -rpx RISC_Top_drc_opted.rpx
| Design       : RISC_Top
| Device       : xczu9eg-ffvb1156-2-e
| Speed File   : -2
| Design State : Synthesized
---------------------------------------------------------------------------------------------------------------

Report DRC

Table of Contents
-----------------
1. REPORT SUMMARY
2. REPORT DETAILS

1. REPORT SUMMARY
-----------------
            Netlist: netlist
          Floorplan: design_1
      Design limits: <entire design considered>
           Ruledeck: default
             Max violations: <unlimited>
             Violations found: 3
+---------+------------------+----------------------------+------------+
| Rule    | Severity         | Description                | Violations |
+---------+------------------+----------------------------+------------+
| NSTD-1  | Critical Warning | Unspecified I/O Standard   | 1          |
| UCIO-1  | Critical Warning | Unconstrained Logical Port | 1          |
| IOCNT-1 | Warning          | Number of IOs              | 1          |
+---------+------------------+----------------------------+------------+

2. REPORT DETAILS
-----------------
NSTD-1#1 Critical Warning
Unspecified I/O Standard  
350 out of 350 logical ports use I/O standard (IOSTANDARD) value 'DEFAULT', instead of a user assigned specific value. This may cause I/O contention or incompatibility with the board power or connectivity affecting performance, signal integrity or in extreme cases cause damage to the device or the components to which it is connected. To correct this violation, specify all I/O standards. This design will fail to generate a bitstream unless all logical ports have a user specified I/O standard value defined. To allow bitstream creation with unspecified I/O standard values (not recommended), use this command: set_property SEVERITY {Warning} [get_drc_checks NSTD-1].  NOTE: When using the Vivado Runs infrastructure (e.g. launch_runs Tcl command), add this command to a .tcl file and add that file as a pre-hook for write_bitstream step for the implementation run. Problem ports: DMAD_addr_in[12], DMAD_addr_in[11], DMAD_addr_in[10], DMAD_addr_in[9],
DMAD_addr_in[8], DMAD_addr_in[7], DMAD_addr_in[6], DMAD_addr_in[5],
DMAD_addr_in[4], DMAD_addr_in[3], DMAD_addr_in[2], DMAD_data_in[31:0],
DMAD_wea_in[0], DMAI_addr_in[14], DMAI_addr_in[13] (the first 15 of 33 listed).
Related violations: <none>

UCIO-1#1 Critical Warning
Unconstrained Logical Port  
350 out of 350 logical ports have no user assigned specific location constraint (LOC). This may cause I/O contention or incompatibility with the board power or connectivity affecting performance, signal integrity or in extreme cases cause damage to the device or the components to which it is connected. To correct this violation, specify all pin locations. This design will fail to generate a bitstream unless all logical ports have a user specified site LOC constraint defined.  To allow bitstream creation with unspecified pin locations (not recommended), use this command: set_property SEVERITY {Warning} [get_drc_checks UCIO-1].  NOTE: When using the Vivado Runs infrastructure (e.g. launch_runs Tcl command), add this command to a .tcl file and add that file as a pre-hook for write_bitstream step for the implementation run.  Problem ports: DMAD_addr_in[12], DMAD_addr_in[11], DMAD_addr_in[10], DMAD_addr_in[9],
DMAD_addr_in[8], DMAD_addr_in[7], DMAD_addr_in[6], DMAD_addr_in[5],
DMAD_addr_in[4], DMAD_addr_in[3], DMAD_addr_in[2], DMAD_data_in[31:0],
DMAD_wea_in[0], DMAI_addr_in[14], DMAI_addr_in[13] (the first 15 of 33 listed).
Related violations: <none>

IOCNT-1#1 Warning
Number of IOs  
The design contains 350 unplaced I/O ports while the target device, xczu9eg-ffvb1156-2-e, has 328 remaining available user I/O pins. This DRC assumes that all ports which do not drive MGT pins should be placed on user I/O pins. To correct this issue:
1. Ensure you are targeting the correct device and package. Select a larger device or different package if necessary.
2. Check the top-level ports of the design to ensure the correct number of ports are specified.
3. Consider design changes to reduce the number of user I/O pins needed.

Related violations: <none>


